Determining if the pthread_create exist failed with the following output:
Change Dir: /home/leo/elaborato1/build/ur3_moveit_config/CMakeFiles/CMakeTmp

Run Build Command:"/usr/bin/make" "cmTC_f1443/fast"
/usr/bin/make -f CMakeFiles/cmTC_f1443.dir/build.make CMakeFiles/cmTC_f1443.dir/build
make[1]: ingresso nella directory "/home/leo/elaborato1/build/ur3_moveit_config/CMakeFiles/CMakeTmp"
Building C object CMakeFiles/cmTC_f1443.dir/CheckSymbolExists.c.o
/usr/bin/cc    -o CMakeFiles/cmTC_f1443.dir/CheckSymbolExists.c.o   -c /home/leo/elaborato1/build/ur3_moveit_config/CMakeFiles/CMakeTmp/CheckSymbolExists.c
Linking C executable cmTC_f1443
/usr/bin/cmake -E cmake_link_script CMakeFiles/cmTC_f1443.dir/link.txt --verbose=1
/usr/bin/cc      -rdynamic CMakeFiles/cmTC_f1443.dir/CheckSymbolExists.c.o  -o cmTC_f1443 
CMakeFiles/cmTC_f1443.dir/CheckSymbolExists.c.o: nella funzione "main":
CheckSymbolExists.c:(.text+0x1b): riferimento non definito a "pthread_create"
collect2: error: ld returned 1 exit status
CMakeFiles/cmTC_f1443.dir/build.make:97: recipe for target 'cmTC_f1443' failed
make[1]: *** [cmTC_f1443] Error 1
make[1]: uscita dalla directory "/home/leo/elaborato1/build/ur3_moveit_config/CMakeFiles/CMakeTmp"
Makefile:126: recipe for target 'cmTC_f1443/fast' failed
make: *** [cmTC_f1443/fast] Error 2

File /home/leo/elaborato1/build/ur3_moveit_config/CMakeFiles/CMakeTmp/CheckSymbolExists.c:
/* */
#include <pthread.h>

int main(int argc, char** argv)
{
  (void)argv;
#ifndef pthread_create
  return ((int*)(&pthread_create))[argc];
#else
  (void)argc;
  return 0;
#endif
}

Determining if the function pthread_create exists in the pthreads failed with the following output:
Change Dir: /home/leo/elaborato1/build/ur3_moveit_config/CMakeFiles/CMakeTmp

Run Build Command:"/usr/bin/make" "cmTC_b45cc/fast"
/usr/bin/make -f CMakeFiles/cmTC_b45cc.dir/build.make CMakeFiles/cmTC_b45cc.dir/build
make[1]: ingresso nella directory "/home/leo/elaborato1/build/ur3_moveit_config/CMakeFiles/CMakeTmp"
Building C object CMakeFiles/cmTC_b45cc.dir/CheckFunctionExists.c.o
/usr/bin/cc   -DCHECK_FUNCTION_EXISTS=pthread_create   -o CMakeFiles/cmTC_b45cc.dir/CheckFunctionExists.c.o   -c /usr/share/cmake-3.10/Modules/CheckFunctionExists.c
Linking C executable cmTC_b45cc
/usr/bin/cmake -E cmake_link_script CMakeFiles/cmTC_b45cc.dir/link.txt --verbose=1
/usr/bin/cc  -DCHECK_FUNCTION_EXISTS=pthread_create    -rdynamic CMakeFiles/cmTC_b45cc.dir/CheckFunctionExists.c.o  -o cmTC_b45cc -lpthreads 
/usr/bin/ld: impossibile trovare -lpthreads
collect2: error: ld returned 1 exit status
CMakeFiles/cmTC_b45cc.dir/build.make:97: recipe for target 'cmTC_b45cc' failed
make[1]: *** [cmTC_b45cc] Error 1
make[1]: uscita dalla directory "/home/leo/elaborato1/build/ur3_moveit_config/CMakeFiles/CMakeTmp"
Makefile:126: recipe for target 'cmTC_b45cc/fast' failed
make: *** [cmTC_b45cc/fast] Error 2


