Determining if the pthread_create exist failed with the following output:
Change Dir: /home/leo/elaborato1/build/ur3_e_moveit_config/CMakeFiles/CMakeTmp

Run Build Command:"/usr/bin/make" "cmTC_185be/fast"
/usr/bin/make -f CMakeFiles/cmTC_185be.dir/build.make CMakeFiles/cmTC_185be.dir/build
make[1]: ingresso nella directory "/home/leo/elaborato1/build/ur3_e_moveit_config/CMakeFiles/CMakeTmp"
Building C object CMakeFiles/cmTC_185be.dir/CheckSymbolExists.c.o
/usr/bin/cc    -o CMakeFiles/cmTC_185be.dir/CheckSymbolExists.c.o   -c /home/leo/elaborato1/build/ur3_e_moveit_config/CMakeFiles/CMakeTmp/CheckSymbolExists.c
Linking C executable cmTC_185be
/usr/bin/cmake -E cmake_link_script CMakeFiles/cmTC_185be.dir/link.txt --verbose=1
/usr/bin/cc      -rdynamic CMakeFiles/cmTC_185be.dir/CheckSymbolExists.c.o  -o cmTC_185be 
CMakeFiles/cmTC_185be.dir/CheckSymbolExists.c.o: nella funzione "main":
CheckSymbolExists.c:(.text+0x1b): riferimento non definito a "pthread_create"
collect2: error: ld returned 1 exit status
CMakeFiles/cmTC_185be.dir/build.make:97: recipe for target 'cmTC_185be' failed
make[1]: *** [cmTC_185be] Error 1
make[1]: uscita dalla directory "/home/leo/elaborato1/build/ur3_e_moveit_config/CMakeFiles/CMakeTmp"
Makefile:126: recipe for target 'cmTC_185be/fast' failed
make: *** [cmTC_185be/fast] Error 2

File /home/leo/elaborato1/build/ur3_e_moveit_config/CMakeFiles/CMakeTmp/CheckSymbolExists.c:
/* */
#include <pthread.h>

int main(int argc, char** argv)
{
  (void)argv;
#ifndef pthread_create
  return ((int*)(&pthread_create))[argc];
#else
  (void)argc;
  return 0;
#endif
}

Determining if the function pthread_create exists in the pthreads failed with the following output:
Change Dir: /home/leo/elaborato1/build/ur3_e_moveit_config/CMakeFiles/CMakeTmp

Run Build Command:"/usr/bin/make" "cmTC_8ddba/fast"
/usr/bin/make -f CMakeFiles/cmTC_8ddba.dir/build.make CMakeFiles/cmTC_8ddba.dir/build
make[1]: ingresso nella directory "/home/leo/elaborato1/build/ur3_e_moveit_config/CMakeFiles/CMakeTmp"
Building C object CMakeFiles/cmTC_8ddba.dir/CheckFunctionExists.c.o
/usr/bin/cc   -DCHECK_FUNCTION_EXISTS=pthread_create   -o CMakeFiles/cmTC_8ddba.dir/CheckFunctionExists.c.o   -c /usr/share/cmake-3.10/Modules/CheckFunctionExists.c
Linking C executable cmTC_8ddba
/usr/bin/cmake -E cmake_link_script CMakeFiles/cmTC_8ddba.dir/link.txt --verbose=1
/usr/bin/cc  -DCHECK_FUNCTION_EXISTS=pthread_create    -rdynamic CMakeFiles/cmTC_8ddba.dir/CheckFunctionExists.c.o  -o cmTC_8ddba -lpthreads 
/usr/bin/ld: impossibile trovare -lpthreads
collect2: error: ld returned 1 exit status
CMakeFiles/cmTC_8ddba.dir/build.make:97: recipe for target 'cmTC_8ddba' failed
make[1]: *** [cmTC_8ddba] Error 1
make[1]: uscita dalla directory "/home/leo/elaborato1/build/ur3_e_moveit_config/CMakeFiles/CMakeTmp"
Makefile:126: recipe for target 'cmTC_8ddba/fast' failed
make: *** [cmTC_8ddba/fast] Error 2


