Determining if the pthread_create exist failed with the following output:
Change Dir: /home/leo/elaborato1/build/ur_kinematics/CMakeFiles/CMakeTmp

Run Build Command:"/usr/bin/make" "cmTC_d285d/fast"
/usr/bin/make -f CMakeFiles/cmTC_d285d.dir/build.make CMakeFiles/cmTC_d285d.dir/build
make[1]: ingresso nella directory "/home/leo/elaborato1/build/ur_kinematics/CMakeFiles/CMakeTmp"
Building C object CMakeFiles/cmTC_d285d.dir/CheckSymbolExists.c.o
/usr/bin/cc    -o CMakeFiles/cmTC_d285d.dir/CheckSymbolExists.c.o   -c /home/leo/elaborato1/build/ur_kinematics/CMakeFiles/CMakeTmp/CheckSymbolExists.c
Linking C executable cmTC_d285d
/usr/bin/cmake -E cmake_link_script CMakeFiles/cmTC_d285d.dir/link.txt --verbose=1
/usr/bin/cc      -rdynamic CMakeFiles/cmTC_d285d.dir/CheckSymbolExists.c.o  -o cmTC_d285d 
CMakeFiles/cmTC_d285d.dir/CheckSymbolExists.c.o: nella funzione "main":
CheckSymbolExists.c:(.text+0x1b): riferimento non definito a "pthread_create"
collect2: error: ld returned 1 exit status
CMakeFiles/cmTC_d285d.dir/build.make:97: recipe for target 'cmTC_d285d' failed
make[1]: *** [cmTC_d285d] Error 1
make[1]: uscita dalla directory "/home/leo/elaborato1/build/ur_kinematics/CMakeFiles/CMakeTmp"
Makefile:126: recipe for target 'cmTC_d285d/fast' failed
make: *** [cmTC_d285d/fast] Error 2

File /home/leo/elaborato1/build/ur_kinematics/CMakeFiles/CMakeTmp/CheckSymbolExists.c:
/* */
#include <pthread.h>

int main(int argc, char** argv)
{
  (void)argv;
#ifndef pthread_create
  return ((int*)(&pthread_create))[argc];
#else
  (void)argc;
  return 0;
#endif
}

Determining if the function pthread_create exists in the pthreads failed with the following output:
Change Dir: /home/leo/elaborato1/build/ur_kinematics/CMakeFiles/CMakeTmp

Run Build Command:"/usr/bin/make" "cmTC_c1cd2/fast"
/usr/bin/make -f CMakeFiles/cmTC_c1cd2.dir/build.make CMakeFiles/cmTC_c1cd2.dir/build
make[1]: ingresso nella directory "/home/leo/elaborato1/build/ur_kinematics/CMakeFiles/CMakeTmp"
Building C object CMakeFiles/cmTC_c1cd2.dir/CheckFunctionExists.c.o
/usr/bin/cc   -DCHECK_FUNCTION_EXISTS=pthread_create   -o CMakeFiles/cmTC_c1cd2.dir/CheckFunctionExists.c.o   -c /usr/share/cmake-3.10/Modules/CheckFunctionExists.c
Linking C executable cmTC_c1cd2
/usr/bin/cmake -E cmake_link_script CMakeFiles/cmTC_c1cd2.dir/link.txt --verbose=1
/usr/bin/cc  -DCHECK_FUNCTION_EXISTS=pthread_create    -rdynamic CMakeFiles/cmTC_c1cd2.dir/CheckFunctionExists.c.o  -o cmTC_c1cd2 -lpthreads 
/usr/bin/ld: impossibile trovare -lpthreads
collect2: error: ld returned 1 exit status
CMakeFiles/cmTC_c1cd2.dir/build.make:97: recipe for target 'cmTC_c1cd2' failed
make[1]: *** [cmTC_c1cd2] Error 1
make[1]: uscita dalla directory "/home/leo/elaborato1/build/ur_kinematics/CMakeFiles/CMakeTmp"
Makefile:126: recipe for target 'cmTC_c1cd2/fast' failed
make: *** [cmTC_c1cd2/fast] Error 2


