[01m[K/home/leo/elaborato1/src/scada_project/main.cpp:23:42:[m[K [01;35m[Kwarning: [m[Kcharacter constant too long for its type
     ros::Subscriber sub = node.subscribe([01;35m[K'/joint_states'[m[K, sensors_msgs::JointStates, &poseCallback);
                                          [01;35m[K^~~~~~~~~~~~~~~[m[K
[01m[K/home/leo/elaborato1/src/scada_project/main.cpp:10:38:[m[K [01;31m[Kerror: [m[K‘[01m[KJointstates[m[K’ in namespace ‘[01m[Ksensor_msgs[m[K’ does not name a type
 void poseCallback(const sensor_msgs::[01;31m[KJointstates[m[K &msg)
                                      [01;31m[K^~~~~~~~~~~[m[K
[01m[K/home/leo/elaborato1/src/scada_project/main.cpp:[m[K In function ‘[01m[Kvoid poseCallback(const int&)[m[K’:
[01m[K/home/leo/elaborato1/src/scada_project/main.cpp:12:20:[m[K [01;31m[Kerror: [m[Krequest for member ‘[01m[Kposition[m[K’ in ‘[01m[Kmsg[m[K’, which is of non-class type ‘[01m[Kconst int[m[K’
     position = msg.[01;31m[Kposition[m[K[3];
                    [01;31m[K^~~~~~~~[m[K
[01m[K/home/leo/elaborato1/src/scada_project/main.cpp:[m[K In function ‘[01m[Kint main(int, char**)[m[K’:
[01m[K/home/leo/elaborato1/src/scada_project/main.cpp:18:6:[m[K [01;31m[Kerror: [m[Kinvalid type argument of unary ‘[01m[K*[m[K’ (have ‘[01m[Kdouble[m[K’)
     *[01;31m[Kposition[m[K = new double[500];
      [01;31m[K^~~~~~~~[m[K
[01m[K/home/leo/elaborato1/src/scada_project/main.cpp:23:59:[m[K [01;31m[Kerror: [m[K‘[01m[Ksensors_msgs[m[K’ has not been declared
     ros::Subscriber sub = node.subscribe('/joint_states', [01;31m[Ksensors_msgs[m[K::JointStates, &poseCallback);
                                                           [01;31m[K^~~~~~~~~~~~[m[K
make[2]: *** [CMakeFiles/main.dir/main.cpp.o] Error 1
make[1]: *** [CMakeFiles/main.dir/all] Error 2
make: *** [all] Error 2
