Linked: (/home/leo/elaborato1/devel/.private/scada_project/lib/pkgconfig/scada_project.pc, /home/leo/elaborato1/devel/lib/pkgconfig/scada_project.pc)
Linked: (/home/leo/elaborato1/devel/.private/scada_project/lib/scada_project/publisher, /home/leo/elaborato1/devel/lib/scada_project/publisher)
Linked: (/home/leo/elaborato1/devel/.private/scada_project/lib/scada_project/main, /home/leo/elaborato1/devel/lib/scada_project/main)
Linked: (/home/leo/elaborato1/devel/.private/scada_project/lib/python2.7/dist-packages/scada_project/__init__.py, /home/leo/elaborato1/devel/lib/python2.7/dist-packages/scada_project/__init__.py)
Linked: (/home/leo/elaborato1/devel/.private/scada_project/lib/python2.7/dist-packages/scada_project/srv/_Service.py, /home/leo/elaborato1/devel/lib/python2.7/dist-packages/scada_project/srv/_Service.py)
Linked: (/home/leo/elaborato1/devel/.private/scada_project/lib/python2.7/dist-packages/scada_project/srv/__init__.py, /home/leo/elaborato1/devel/lib/python2.7/dist-packages/scada_project/srv/__init__.py)
Linked: (/home/leo/elaborato1/devel/.private/scada_project/lib/python2.7/dist-packages/scada_project/msg/__init__.py, /home/leo/elaborato1/devel/lib/python2.7/dist-packages/scada_project/msg/__init__.py)
Linked: (/home/leo/elaborato1/devel/.private/scada_project/lib/python2.7/dist-packages/scada_project/msg/_Message.py, /home/leo/elaborato1/devel/lib/python2.7/dist-packages/scada_project/msg/_Message.py)
Linked: (/home/leo/elaborato1/devel/.private/scada_project/share/common-lisp/ros/scada_project/srv/_package_Service.lisp, /home/leo/elaborato1/devel/share/common-lisp/ros/scada_project/srv/_package_Service.lisp)
Linked: (/home/leo/elaborato1/devel/.private/scada_project/share/common-lisp/ros/scada_project/srv/scada_project-srv.asd, /home/leo/elaborato1/devel/share/common-lisp/ros/scada_project/srv/scada_project-srv.asd)
Linked: (/home/leo/elaborato1/devel/.private/scada_project/share/common-lisp/ros/scada_project/srv/_package.lisp, /home/leo/elaborato1/devel/share/common-lisp/ros/scada_project/srv/_package.lisp)
Linked: (/home/leo/elaborato1/devel/.private/scada_project/share/common-lisp/ros/scada_project/srv/Service.lisp, /home/leo/elaborato1/devel/share/common-lisp/ros/scada_project/srv/Service.lisp)
Linked: (/home/leo/elaborato1/devel/.private/scada_project/share/common-lisp/ros/scada_project/msg/scada_project-msg.asd, /home/leo/elaborato1/devel/share/common-lisp/ros/scada_project/msg/scada_project-msg.asd)
Linked: (/home/leo/elaborato1/devel/.private/scada_project/share/common-lisp/ros/scada_project/msg/Message.lisp, /home/leo/elaborato1/devel/share/common-lisp/ros/scada_project/msg/Message.lisp)
Linked: (/home/leo/elaborato1/devel/.private/scada_project/share/common-lisp/ros/scada_project/msg/_package.lisp, /home/leo/elaborato1/devel/share/common-lisp/ros/scada_project/msg/_package.lisp)
Linked: (/home/leo/elaborato1/devel/.private/scada_project/share/common-lisp/ros/scada_project/msg/_package_Message.lisp, /home/leo/elaborato1/devel/share/common-lisp/ros/scada_project/msg/_package_Message.lisp)
Linked: (/home/leo/elaborato1/devel/.private/scada_project/share/gennodejs/ros/scada_project/_index.js, /home/leo/elaborato1/devel/share/gennodejs/ros/scada_project/_index.js)
Linked: (/home/leo/elaborato1/devel/.private/scada_project/share/gennodejs/ros/scada_project/srv/_index.js, /home/leo/elaborato1/devel/share/gennodejs/ros/scada_project/srv/_index.js)
Linked: (/home/leo/elaborato1/devel/.private/scada_project/share/gennodejs/ros/scada_project/srv/Service.js, /home/leo/elaborato1/devel/share/gennodejs/ros/scada_project/srv/Service.js)
Linked: (/home/leo/elaborato1/devel/.private/scada_project/share/gennodejs/ros/scada_project/msg/_index.js, /home/leo/elaborato1/devel/share/gennodejs/ros/scada_project/msg/_index.js)
Linked: (/home/leo/elaborato1/devel/.private/scada_project/share/gennodejs/ros/scada_project/msg/Message.js, /home/leo/elaborato1/devel/share/gennodejs/ros/scada_project/msg/Message.js)
Linked: (/home/leo/elaborato1/devel/.private/scada_project/share/scada_project/cmake/scada_project-msg-extras.cmake, /home/leo/elaborato1/devel/share/scada_project/cmake/scada_project-msg-extras.cmake)
Linked: (/home/leo/elaborato1/devel/.private/scada_project/share/scada_project/cmake/scada_projectConfig-version.cmake, /home/leo/elaborato1/devel/share/scada_project/cmake/scada_projectConfig-version.cmake)
Linked: (/home/leo/elaborato1/devel/.private/scada_project/share/scada_project/cmake/scada_projectConfig.cmake, /home/leo/elaborato1/devel/share/scada_project/cmake/scada_projectConfig.cmake)
Linked: (/home/leo/elaborato1/devel/.private/scada_project/share/scada_project/cmake/scada_project-msg-paths.cmake, /home/leo/elaborato1/devel/share/scada_project/cmake/scada_project-msg-paths.cmake)
Linked: (/home/leo/elaborato1/devel/.private/scada_project/share/roseus/ros/scada_project/manifest.l, /home/leo/elaborato1/devel/share/roseus/ros/scada_project/manifest.l)
Linked: (/home/leo/elaborato1/devel/.private/scada_project/share/roseus/ros/scada_project/srv/Service.l, /home/leo/elaborato1/devel/share/roseus/ros/scada_project/srv/Service.l)
Linked: (/home/leo/elaborato1/devel/.private/scada_project/share/roseus/ros/scada_project/msg/Message.l, /home/leo/elaborato1/devel/share/roseus/ros/scada_project/msg/Message.l)
Linked: (/home/leo/elaborato1/devel/.private/scada_project/include/scada_project/ServiceRequest.h, /home/leo/elaborato1/devel/include/scada_project/ServiceRequest.h)
Linked: (/home/leo/elaborato1/devel/.private/scada_project/include/scada_project/Service.h, /home/leo/elaborato1/devel/include/scada_project/Service.h)
Linked: (/home/leo/elaborato1/devel/.private/scada_project/include/scada_project/ServiceResponse.h, /home/leo/elaborato1/devel/include/scada_project/ServiceResponse.h)
Linked: (/home/leo/elaborato1/devel/.private/scada_project/include/scada_project/Message.h, /home/leo/elaborato1/devel/include/scada_project/Message.h)
