Determining if the pthread_create exist failed with the following output:
Change Dir: /home/leo/elaborato1/build/ur10_e_moveit_config/CMakeFiles/CMakeTmp

Run Build Command:"/usr/bin/make" "cmTC_e272e/fast"
/usr/bin/make -f CMakeFiles/cmTC_e272e.dir/build.make CMakeFiles/cmTC_e272e.dir/build
make[1]: ingresso nella directory "/home/leo/elaborato1/build/ur10_e_moveit_config/CMakeFiles/CMakeTmp"
Building C object CMakeFiles/cmTC_e272e.dir/CheckSymbolExists.c.o
/usr/bin/cc    -o CMakeFiles/cmTC_e272e.dir/CheckSymbolExists.c.o   -c /home/leo/elaborato1/build/ur10_e_moveit_config/CMakeFiles/CMakeTmp/CheckSymbolExists.c
Linking C executable cmTC_e272e
/usr/bin/cmake -E cmake_link_script CMakeFiles/cmTC_e272e.dir/link.txt --verbose=1
/usr/bin/cc      -rdynamic CMakeFiles/cmTC_e272e.dir/CheckSymbolExists.c.o  -o cmTC_e272e 
CMakeFiles/cmTC_e272e.dir/CheckSymbolExists.c.o: nella funzione "main":
CheckSymbolExists.c:(.text+0x1b): riferimento non definito a "pthread_create"
collect2: error: ld returned 1 exit status
CMakeFiles/cmTC_e272e.dir/build.make:97: recipe for target 'cmTC_e272e' failed
make[1]: *** [cmTC_e272e] Error 1
make[1]: uscita dalla directory "/home/leo/elaborato1/build/ur10_e_moveit_config/CMakeFiles/CMakeTmp"
Makefile:126: recipe for target 'cmTC_e272e/fast' failed
make: *** [cmTC_e272e/fast] Error 2

File /home/leo/elaborato1/build/ur10_e_moveit_config/CMakeFiles/CMakeTmp/CheckSymbolExists.c:
/* */
#include <pthread.h>

int main(int argc, char** argv)
{
  (void)argv;
#ifndef pthread_create
  return ((int*)(&pthread_create))[argc];
#else
  (void)argc;
  return 0;
#endif
}

Determining if the function pthread_create exists in the pthreads failed with the following output:
Change Dir: /home/leo/elaborato1/build/ur10_e_moveit_config/CMakeFiles/CMakeTmp

Run Build Command:"/usr/bin/make" "cmTC_008c0/fast"
/usr/bin/make -f CMakeFiles/cmTC_008c0.dir/build.make CMakeFiles/cmTC_008c0.dir/build
make[1]: ingresso nella directory "/home/leo/elaborato1/build/ur10_e_moveit_config/CMakeFiles/CMakeTmp"
Building C object CMakeFiles/cmTC_008c0.dir/CheckFunctionExists.c.o
/usr/bin/cc   -DCHECK_FUNCTION_EXISTS=pthread_create   -o CMakeFiles/cmTC_008c0.dir/CheckFunctionExists.c.o   -c /usr/share/cmake-3.10/Modules/CheckFunctionExists.c
Linking C executable cmTC_008c0
/usr/bin/cmake -E cmake_link_script CMakeFiles/cmTC_008c0.dir/link.txt --verbose=1
/usr/bin/cc  -DCHECK_FUNCTION_EXISTS=pthread_create    -rdynamic CMakeFiles/cmTC_008c0.dir/CheckFunctionExists.c.o  -o cmTC_008c0 -lpthreads 
/usr/bin/ld: impossibile trovare -lpthreads
collect2: error: ld returned 1 exit status
CMakeFiles/cmTC_008c0.dir/build.make:97: recipe for target 'cmTC_008c0' failed
make[1]: *** [cmTC_008c0] Error 1
make[1]: uscita dalla directory "/home/leo/elaborato1/build/ur10_e_moveit_config/CMakeFiles/CMakeTmp"
Makefile:126: recipe for target 'cmTC_008c0/fast' failed
make: *** [cmTC_008c0/fast] Error 2


