Determining if the pthread_create exist failed with the following output:
Change Dir: /home/leo/elaborato1/build/ur_e_gazebo/CMakeFiles/CMakeTmp

Run Build Command:"/usr/bin/make" "cmTC_97bcf/fast"
/usr/bin/make -f CMakeFiles/cmTC_97bcf.dir/build.make CMakeFiles/cmTC_97bcf.dir/build
make[1]: ingresso nella directory "/home/leo/elaborato1/build/ur_e_gazebo/CMakeFiles/CMakeTmp"
Building C object CMakeFiles/cmTC_97bcf.dir/CheckSymbolExists.c.o
/usr/bin/cc    -o CMakeFiles/cmTC_97bcf.dir/CheckSymbolExists.c.o   -c /home/leo/elaborato1/build/ur_e_gazebo/CMakeFiles/CMakeTmp/CheckSymbolExists.c
Linking C executable cmTC_97bcf
/usr/bin/cmake -E cmake_link_script CMakeFiles/cmTC_97bcf.dir/link.txt --verbose=1
/usr/bin/cc      -rdynamic CMakeFiles/cmTC_97bcf.dir/CheckSymbolExists.c.o  -o cmTC_97bcf 
CMakeFiles/cmTC_97bcf.dir/CheckSymbolExists.c.o: nella funzione "main":
CheckSymbolExists.c:(.text+0x1b): riferimento non definito a "pthread_create"
collect2: error: ld returned 1 exit status
CMakeFiles/cmTC_97bcf.dir/build.make:97: recipe for target 'cmTC_97bcf' failed
make[1]: *** [cmTC_97bcf] Error 1
make[1]: uscita dalla directory "/home/leo/elaborato1/build/ur_e_gazebo/CMakeFiles/CMakeTmp"
Makefile:126: recipe for target 'cmTC_97bcf/fast' failed
make: *** [cmTC_97bcf/fast] Error 2

File /home/leo/elaborato1/build/ur_e_gazebo/CMakeFiles/CMakeTmp/CheckSymbolExists.c:
/* */
#include <pthread.h>

int main(int argc, char** argv)
{
  (void)argv;
#ifndef pthread_create
  return ((int*)(&pthread_create))[argc];
#else
  (void)argc;
  return 0;
#endif
}

Determining if the function pthread_create exists in the pthreads failed with the following output:
Change Dir: /home/leo/elaborato1/build/ur_e_gazebo/CMakeFiles/CMakeTmp

Run Build Command:"/usr/bin/make" "cmTC_b9b63/fast"
/usr/bin/make -f CMakeFiles/cmTC_b9b63.dir/build.make CMakeFiles/cmTC_b9b63.dir/build
make[1]: ingresso nella directory "/home/leo/elaborato1/build/ur_e_gazebo/CMakeFiles/CMakeTmp"
Building C object CMakeFiles/cmTC_b9b63.dir/CheckFunctionExists.c.o
/usr/bin/cc   -DCHECK_FUNCTION_EXISTS=pthread_create   -o CMakeFiles/cmTC_b9b63.dir/CheckFunctionExists.c.o   -c /usr/share/cmake-3.10/Modules/CheckFunctionExists.c
Linking C executable cmTC_b9b63
/usr/bin/cmake -E cmake_link_script CMakeFiles/cmTC_b9b63.dir/link.txt --verbose=1
/usr/bin/cc  -DCHECK_FUNCTION_EXISTS=pthread_create    -rdynamic CMakeFiles/cmTC_b9b63.dir/CheckFunctionExists.c.o  -o cmTC_b9b63 -lpthreads 
/usr/bin/ld: impossibile trovare -lpthreads
collect2: error: ld returned 1 exit status
CMakeFiles/cmTC_b9b63.dir/build.make:97: recipe for target 'cmTC_b9b63' failed
make[1]: *** [cmTC_b9b63] Error 1
make[1]: uscita dalla directory "/home/leo/elaborato1/build/ur_e_gazebo/CMakeFiles/CMakeTmp"
Makefile:126: recipe for target 'cmTC_b9b63/fast' failed
make: *** [cmTC_b9b63/fast] Error 2


