Determining if the pthread_create exist failed with the following output:
Change Dir: /home/leo/elaborato1/build/ur_e_description/CMakeFiles/CMakeTmp

Run Build Command:"/usr/bin/make" "cmTC_ffeaf/fast"
/usr/bin/make -f CMakeFiles/cmTC_ffeaf.dir/build.make CMakeFiles/cmTC_ffeaf.dir/build
make[1]: ingresso nella directory "/home/leo/elaborato1/build/ur_e_description/CMakeFiles/CMakeTmp"
Building C object CMakeFiles/cmTC_ffeaf.dir/CheckSymbolExists.c.o
/usr/bin/cc    -o CMakeFiles/cmTC_ffeaf.dir/CheckSymbolExists.c.o   -c /home/leo/elaborato1/build/ur_e_description/CMakeFiles/CMakeTmp/CheckSymbolExists.c
Linking C executable cmTC_ffeaf
/usr/bin/cmake -E cmake_link_script CMakeFiles/cmTC_ffeaf.dir/link.txt --verbose=1
/usr/bin/cc      -rdynamic CMakeFiles/cmTC_ffeaf.dir/CheckSymbolExists.c.o  -o cmTC_ffeaf 
CMakeFiles/cmTC_ffeaf.dir/CheckSymbolExists.c.o: nella funzione "main":
CheckSymbolExists.c:(.text+0x1b): riferimento non definito a "pthread_create"
collect2: error: ld returned 1 exit status
CMakeFiles/cmTC_ffeaf.dir/build.make:97: recipe for target 'cmTC_ffeaf' failed
make[1]: *** [cmTC_ffeaf] Error 1
make[1]: uscita dalla directory "/home/leo/elaborato1/build/ur_e_description/CMakeFiles/CMakeTmp"
Makefile:126: recipe for target 'cmTC_ffeaf/fast' failed
make: *** [cmTC_ffeaf/fast] Error 2

File /home/leo/elaborato1/build/ur_e_description/CMakeFiles/CMakeTmp/CheckSymbolExists.c:
/* */
#include <pthread.h>

int main(int argc, char** argv)
{
  (void)argv;
#ifndef pthread_create
  return ((int*)(&pthread_create))[argc];
#else
  (void)argc;
  return 0;
#endif
}

Determining if the function pthread_create exists in the pthreads failed with the following output:
Change Dir: /home/leo/elaborato1/build/ur_e_description/CMakeFiles/CMakeTmp

Run Build Command:"/usr/bin/make" "cmTC_5ef4c/fast"
/usr/bin/make -f CMakeFiles/cmTC_5ef4c.dir/build.make CMakeFiles/cmTC_5ef4c.dir/build
make[1]: ingresso nella directory "/home/leo/elaborato1/build/ur_e_description/CMakeFiles/CMakeTmp"
Building C object CMakeFiles/cmTC_5ef4c.dir/CheckFunctionExists.c.o
/usr/bin/cc   -DCHECK_FUNCTION_EXISTS=pthread_create   -o CMakeFiles/cmTC_5ef4c.dir/CheckFunctionExists.c.o   -c /usr/share/cmake-3.10/Modules/CheckFunctionExists.c
Linking C executable cmTC_5ef4c
/usr/bin/cmake -E cmake_link_script CMakeFiles/cmTC_5ef4c.dir/link.txt --verbose=1
/usr/bin/cc  -DCHECK_FUNCTION_EXISTS=pthread_create    -rdynamic CMakeFiles/cmTC_5ef4c.dir/CheckFunctionExists.c.o  -o cmTC_5ef4c -lpthreads 
/usr/bin/ld: impossibile trovare -lpthreads
collect2: error: ld returned 1 exit status
CMakeFiles/cmTC_5ef4c.dir/build.make:97: recipe for target 'cmTC_5ef4c' failed
make[1]: *** [cmTC_5ef4c] Error 1
make[1]: uscita dalla directory "/home/leo/elaborato1/build/ur_e_description/CMakeFiles/CMakeTmp"
Makefile:126: recipe for target 'cmTC_5ef4c/fast' failed
make: *** [cmTC_5ef4c/fast] Error 2


