[31m[1mCMake Error[0m at /home/leo/elaborato1/src/elaboratoR1/CMakeLists.txt:20 (add_executable):
  Cannot find source file:

    src/talker.cpp

  Tried extensions .c .C .c++ .cc .cpp .cxx .m .M .mm .h .hh .h++ .hm .hpp
  .hxx .in .txx


[31m[1mCMake Error[0m at /home/leo/elaborato1/src/elaboratoR1/CMakeLists.txt:24 (add_executable):
  Cannot find source file:

    src/listener.cpp

  Tried extensions .c .C .c++ .cc .cpp .cxx .m .M .mm .h .hh .h++ .hm .hpp
  .hxx .in .txx


CMake Warning (dev) at CMakeLists.txt:22 (add_dependencies):
  Policy CMP0046 is not set: Error on non-existent dependency in
  add_dependencies.  Run "cmake --help-policy CMP0046" for policy details.
  Use the cmake_policy command to set the policy and suppress this warning.

  The dependency target "beginner_tutorials_generate_messages_cpp" of target
  "talker" does not exist.
This warning is for project developers.  Use -Wno-dev to suppress it.

CMake Warning (dev) at CMakeLists.txt:26 (add_dependencies):
  Policy CMP0046 is not set: Error on non-existent dependency in
  add_dependencies.  Run "cmake --help-policy CMP0046" for policy details.
  Use the cmake_policy command to set the policy and suppress this warning.

  The dependency target "beginner_tutorials_generate_messages_cpp" of target
  "listener" does not exist.
This warning is for project developers.  Use -Wno-dev to suppress it.

CMake Error: CMake can not determine linker language for target: talker
CMake Error: Cannot determine link language for target "talker".
CMake Error: CMake can not determine linker language for target: listener
CMake Error: Cannot determine link language for target "listener".
make: *** [cmake_check_build_system] Error 1
