Linked: (/home/leo/elaborato1/devel/.private/elaboratoR1/lib/pkgconfig/elaboratoR1.pc, /home/leo/elaborato1/devel/lib/pkgconfig/elaboratoR1.pc)
Linked: (/home/leo/elaborato1/devel/.private/elaboratoR1/lib/elaboratoR1/talker, /home/leo/elaborato1/devel/lib/elaboratoR1/talker)
Linked: (/home/leo/elaborato1/devel/.private/elaboratoR1/lib/elaboratoR1/listener, /home/leo/elaborato1/devel/lib/elaboratoR1/listener)
Linked: (/home/leo/elaborato1/devel/.private/elaboratoR1/lib/python2.7/dist-packages/elaboratoR1/__init__.py, /home/leo/elaborato1/devel/lib/python2.7/dist-packages/elaboratoR1/__init__.py)
Linked: (/home/leo/elaborato1/devel/.private/elaboratoR1/lib/python2.7/dist-packages/elaboratoR1/srv/__init__.py, /home/leo/elaborato1/devel/lib/python2.7/dist-packages/elaboratoR1/srv/__init__.py)
Linked: (/home/leo/elaborato1/devel/.private/elaboratoR1/lib/python2.7/dist-packages/elaboratoR1/srv/_AddTwoInts.py, /home/leo/elaborato1/devel/lib/python2.7/dist-packages/elaboratoR1/srv/_AddTwoInts.py)
Linked: (/home/leo/elaborato1/devel/.private/elaboratoR1/lib/python2.7/dist-packages/elaboratoR1/msg/__init__.py, /home/leo/elaborato1/devel/lib/python2.7/dist-packages/elaboratoR1/msg/__init__.py)
Linked: (/home/leo/elaborato1/devel/.private/elaboratoR1/lib/python2.7/dist-packages/elaboratoR1/msg/_Num.py, /home/leo/elaborato1/devel/lib/python2.7/dist-packages/elaboratoR1/msg/_Num.py)
Linked: (/home/leo/elaborato1/devel/.private/elaboratoR1/share/common-lisp/ros/elaboratoR1/srv/elaboratoR1-srv.asd, /home/leo/elaborato1/devel/share/common-lisp/ros/elaboratoR1/srv/elaboratoR1-srv.asd)
Linked: (/home/leo/elaborato1/devel/.private/elaboratoR1/share/common-lisp/ros/elaboratoR1/srv/AddTwoInts.lisp, /home/leo/elaborato1/devel/share/common-lisp/ros/elaboratoR1/srv/AddTwoInts.lisp)
Linked: (/home/leo/elaborato1/devel/.private/elaboratoR1/share/common-lisp/ros/elaboratoR1/srv/_package_AddTwoInts.lisp, /home/leo/elaborato1/devel/share/common-lisp/ros/elaboratoR1/srv/_package_AddTwoInts.lisp)
Linked: (/home/leo/elaborato1/devel/.private/elaboratoR1/share/common-lisp/ros/elaboratoR1/srv/_package.lisp, /home/leo/elaborato1/devel/share/common-lisp/ros/elaboratoR1/srv/_package.lisp)
Linked: (/home/leo/elaborato1/devel/.private/elaboratoR1/share/common-lisp/ros/elaboratoR1/msg/_package_Num.lisp, /home/leo/elaborato1/devel/share/common-lisp/ros/elaboratoR1/msg/_package_Num.lisp)
Linked: (/home/leo/elaborato1/devel/.private/elaboratoR1/share/common-lisp/ros/elaboratoR1/msg/Num.lisp, /home/leo/elaborato1/devel/share/common-lisp/ros/elaboratoR1/msg/Num.lisp)
Linked: (/home/leo/elaborato1/devel/.private/elaboratoR1/share/common-lisp/ros/elaboratoR1/msg/_package.lisp, /home/leo/elaborato1/devel/share/common-lisp/ros/elaboratoR1/msg/_package.lisp)
Linked: (/home/leo/elaborato1/devel/.private/elaboratoR1/share/common-lisp/ros/elaboratoR1/msg/elaboratoR1-msg.asd, /home/leo/elaborato1/devel/share/common-lisp/ros/elaboratoR1/msg/elaboratoR1-msg.asd)
Linked: (/home/leo/elaborato1/devel/.private/elaboratoR1/share/elaboratoR1/cmake/elaboratoR1-msg-paths.cmake, /home/leo/elaborato1/devel/share/elaboratoR1/cmake/elaboratoR1-msg-paths.cmake)
Linked: (/home/leo/elaborato1/devel/.private/elaboratoR1/share/elaboratoR1/cmake/elaboratoR1-msg-extras.cmake, /home/leo/elaborato1/devel/share/elaboratoR1/cmake/elaboratoR1-msg-extras.cmake)
Linked: (/home/leo/elaborato1/devel/.private/elaboratoR1/share/elaboratoR1/cmake/elaboratoR1Config.cmake, /home/leo/elaborato1/devel/share/elaboratoR1/cmake/elaboratoR1Config.cmake)
Linked: (/home/leo/elaborato1/devel/.private/elaboratoR1/share/elaboratoR1/cmake/elaboratoR1Config-version.cmake, /home/leo/elaborato1/devel/share/elaboratoR1/cmake/elaboratoR1Config-version.cmake)
Linked: (/home/leo/elaborato1/devel/.private/elaboratoR1/share/gennodejs/ros/elaboratoR1/_index.js, /home/leo/elaborato1/devel/share/gennodejs/ros/elaboratoR1/_index.js)
Linked: (/home/leo/elaborato1/devel/.private/elaboratoR1/share/gennodejs/ros/elaboratoR1/srv/_index.js, /home/leo/elaborato1/devel/share/gennodejs/ros/elaboratoR1/srv/_index.js)
Linked: (/home/leo/elaborato1/devel/.private/elaboratoR1/share/gennodejs/ros/elaboratoR1/srv/AddTwoInts.js, /home/leo/elaborato1/devel/share/gennodejs/ros/elaboratoR1/srv/AddTwoInts.js)
Linked: (/home/leo/elaborato1/devel/.private/elaboratoR1/share/gennodejs/ros/elaboratoR1/msg/_index.js, /home/leo/elaborato1/devel/share/gennodejs/ros/elaboratoR1/msg/_index.js)
Linked: (/home/leo/elaborato1/devel/.private/elaboratoR1/share/gennodejs/ros/elaboratoR1/msg/Num.js, /home/leo/elaborato1/devel/share/gennodejs/ros/elaboratoR1/msg/Num.js)
Linked: (/home/leo/elaborato1/devel/.private/elaboratoR1/share/roseus/ros/elaboratoR1/manifest.l, /home/leo/elaborato1/devel/share/roseus/ros/elaboratoR1/manifest.l)
Linked: (/home/leo/elaborato1/devel/.private/elaboratoR1/share/roseus/ros/elaboratoR1/srv/AddTwoInts.l, /home/leo/elaborato1/devel/share/roseus/ros/elaboratoR1/srv/AddTwoInts.l)
Linked: (/home/leo/elaborato1/devel/.private/elaboratoR1/share/roseus/ros/elaboratoR1/msg/Num.l, /home/leo/elaborato1/devel/share/roseus/ros/elaboratoR1/msg/Num.l)
Linked: (/home/leo/elaborato1/devel/.private/elaboratoR1/include/elaboratoR1/AddTwoInts.h, /home/leo/elaborato1/devel/include/elaboratoR1/AddTwoInts.h)
Linked: (/home/leo/elaborato1/devel/.private/elaboratoR1/include/elaboratoR1/AddTwoIntsRequest.h, /home/leo/elaborato1/devel/include/elaboratoR1/AddTwoIntsRequest.h)
Linked: (/home/leo/elaborato1/devel/.private/elaboratoR1/include/elaboratoR1/Num.h, /home/leo/elaborato1/devel/include/elaboratoR1/Num.h)
Linked: (/home/leo/elaborato1/devel/.private/elaboratoR1/include/elaboratoR1/AddTwoIntsResponse.h, /home/leo/elaborato1/devel/include/elaboratoR1/AddTwoIntsResponse.h)
