[33m[1mCMake Warning[0m at /home/leo/elaborato1/build/elaboratoR1/cmake/elaboratoR1-genmsg.cmake:3 (message):
  Invoking generate_messages() without having added any message or service
  file before.

  You should either add add_message_files() and/or add_service_files() calls
  or remove the invocation of generate_messages().
[36mCall Stack (most recent call first):[0m
  /opt/ros/melodic/share/genmsg/cmake/genmsg-extras.cmake:307 (include)
  CMakeLists.txt:58 (generate_messages)


[31m[1mCMake Error[0m at /home/leo/elaborato1/src/elaboratoR1/CMakeLists.txt:122 (add_executable):
  Cannot find source file:

    src/listener.cpp

  Tried extensions .c .C .c++ .cc .cpp .cxx .m .M .mm .h .hh .h++ .hm .hpp
  .hxx .in .txx


[31m[1mCMake Error[0m at /home/leo/elaborato1/src/elaboratoR1/CMakeLists.txt:126 (add_executable):
  Cannot find source file:

    src/talker.cpp

  Tried extensions .c .C .c++ .cc .cpp .cxx .m .M .mm .h .hh .h++ .hm .hpp
  .hxx .in .txx


CMake Error: CMake can not determine linker language for target: listener
CMake Error: Cannot determine link language for target "listener".
CMake Error: CMake can not determine linker language for target: talker
CMake Error: Cannot determine link language for target "talker".
make: *** [cmake_check_build_system] Error 1
