Symlinking /home/leo/elaborato1/devel/lib/pkgconfig/elaboratoR1.pc
Symlinking /home/leo/elaborato1/devel/lib/elaboratoR1/talker
Symlinking /home/leo/elaborato1/devel/lib/elaboratoR1/listener
Symlinking /home/leo/elaborato1/devel/lib/python2.7/dist-packages/elaboratoR1/__init__.py
Symlinking /home/leo/elaborato1/devel/lib/python2.7/dist-packages/elaboratoR1/srv/__init__.py
Symlinking /home/leo/elaborato1/devel/lib/python2.7/dist-packages/elaboratoR1/srv/_AddTwoInts.py
Symlinking /home/leo/elaborato1/devel/lib/python2.7/dist-packages/elaboratoR1/msg/__init__.py
Symlinking /home/leo/elaborato1/devel/lib/python2.7/dist-packages/elaboratoR1/msg/_Num.py
Symlinking /home/leo/elaborato1/devel/share/common-lisp/ros/elaboratoR1/srv/elaboratoR1-srv.asd
Symlinking /home/leo/elaborato1/devel/share/common-lisp/ros/elaboratoR1/srv/AddTwoInts.lisp
Symlinking /home/leo/elaborato1/devel/share/common-lisp/ros/elaboratoR1/srv/_package_AddTwoInts.lisp
Symlinking /home/leo/elaborato1/devel/share/common-lisp/ros/elaboratoR1/srv/_package.lisp
Symlinking /home/leo/elaborato1/devel/share/common-lisp/ros/elaboratoR1/msg/_package_Num.lisp
Symlinking /home/leo/elaborato1/devel/share/common-lisp/ros/elaboratoR1/msg/Num.lisp
Symlinking /home/leo/elaborato1/devel/share/common-lisp/ros/elaboratoR1/msg/_package.lisp
Symlinking /home/leo/elaborato1/devel/share/common-lisp/ros/elaboratoR1/msg/elaboratoR1-msg.asd
Symlinking /home/leo/elaborato1/devel/share/elaboratoR1/cmake/elaboratoR1-msg-paths.cmake
Symlinking /home/leo/elaborato1/devel/share/elaboratoR1/cmake/elaboratoR1-msg-extras.cmake
Symlinking /home/leo/elaborato1/devel/share/elaboratoR1/cmake/elaboratoR1Config.cmake
Symlinking /home/leo/elaborato1/devel/share/elaboratoR1/cmake/elaboratoR1Config-version.cmake
Symlinking /home/leo/elaborato1/devel/share/gennodejs/ros/elaboratoR1/_index.js
Symlinking /home/leo/elaborato1/devel/share/gennodejs/ros/elaboratoR1/srv/_index.js
Symlinking /home/leo/elaborato1/devel/share/gennodejs/ros/elaboratoR1/srv/AddTwoInts.js
Symlinking /home/leo/elaborato1/devel/share/gennodejs/ros/elaboratoR1/msg/_index.js
Symlinking /home/leo/elaborato1/devel/share/gennodejs/ros/elaboratoR1/msg/Num.js
Symlinking /home/leo/elaborato1/devel/share/roseus/ros/elaboratoR1/manifest.l
Symlinking /home/leo/elaborato1/devel/share/roseus/ros/elaboratoR1/srv/AddTwoInts.l
Symlinking /home/leo/elaborato1/devel/share/roseus/ros/elaboratoR1/msg/Num.l
Symlinking /home/leo/elaborato1/devel/include/elaboratoR1/AddTwoInts.h
Symlinking /home/leo/elaborato1/devel/include/elaboratoR1/AddTwoIntsRequest.h
Symlinking /home/leo/elaborato1/devel/include/elaboratoR1/Num.h
Symlinking /home/leo/elaborato1/devel/include/elaboratoR1/AddTwoIntsResponse.h
