[35m[1mScanning dependencies of target _elaboratoR1_generate_messages_check_deps_Num[0m
[  0%] Built target _elaboratoR1_generate_messages_check_deps_Num
[35m[1mScanning dependencies of target std_msgs_generate_messages_py[0m
[  0%] Built target std_msgs_generate_messages_py
[35m[1mScanning dependencies of target _elaboratoR1_generate_messages_check_deps_AddTwoInts[0m
[  0%] Built target _elaboratoR1_generate_messages_check_deps_AddTwoInts
[35m[1mScanning dependencies of target std_msgs_generate_messages_cpp[0m
[  0%] Built target std_msgs_generate_messages_cpp
[35m[1mScanning dependencies of target std_msgs_generate_messages_eus[0m
[  0%] Built target std_msgs_generate_messages_eus
[35m[1mScanning dependencies of target std_msgs_generate_messages_nodejs[0m
[  0%] Built target std_msgs_generate_messages_nodejs
[35m[1mScanning dependencies of target std_msgs_generate_messages_lisp[0m
[  0%] Built target std_msgs_generate_messages_lisp
[35m[1mScanning dependencies of target talker[0m
[  5%] [32mBuilding CXX object CMakeFiles/talker.dir/talker.cpp.o[0m
[ 11%] [32m[1mLinking CXX executable /home/leo/elaborato1/devel/.private/elaboratoR1/lib/elaboratoR1/talker[0m
[ 11%] Built target talker
[35m[1mScanning dependencies of target listener[0m
[ 17%] [32mBuilding CXX object CMakeFiles/listener.dir/listener.cpp.o[0m
[ 23%] [32m[1mLinking CXX executable /home/leo/elaborato1/devel/.private/elaboratoR1/lib/elaboratoR1/listener[0m
[ 23%] Built target listener
[35m[1mScanning dependencies of target elaboratoR1_generate_messages_py[0m
[ 29%] [34m[1mGenerating Python from MSG elaboratoR1/Num[0m
[ 35%] [34m[1mGenerating Python code from SRV elaboratoR1/AddTwoInts[0m
[ 41%] [34m[1mGenerating Python msg __init__.py for elaboratoR1[0m
[ 47%] [34m[1mGenerating Python srv __init__.py for elaboratoR1[0m
[ 47%] Built target elaboratoR1_generate_messages_py
[35m[1mScanning dependencies of target elaboratoR1_generate_messages_cpp[0m
[ 52%] [34m[1mGenerating C++ code from elaboratoR1/Num.msg[0m
[ 58%] [34m[1mGenerating C++ code from elaboratoR1/AddTwoInts.srv[0m
[ 58%] Built target elaboratoR1_generate_messages_cpp
[35m[1mScanning dependencies of target elaboratoR1_generate_messages_eus[0m
[ 64%] [34m[1mGenerating EusLisp code from elaboratoR1/Num.msg[0m
[ 70%] [34m[1mGenerating EusLisp code from elaboratoR1/AddTwoInts.srv[0m
[ 76%] [34m[1mGenerating EusLisp manifest code for elaboratoR1[0m
WARNING: Package name "elaboratoR1" does not follow the naming conventions. It should start with a lower case letter and only contain lower case letters, digits, underscores, and dashes.
WARNING: Package name "SCADA_Robot" does not follow the naming conventions. It should start with a lower case letter and only contain lower case letters, digits, underscores, and dashes.
WARNING: Package name "elaboratoR1" does not follow the naming conventions. It should start with a lower case letter and only contain lower case letters, digits, underscores, and dashes.
WARNING: Package name "elaboratoR1_B" does not follow the naming conventions. It should start with a lower case letter and only contain lower case letters, digits, underscores, and dashes.
WARNING: Package name "moveIt" does not follow the naming conventions. It should start with a lower case letter and only contain lower case letters, digits, underscores, and dashes.
WARNING: Package name "elaboratoR1" does not follow the naming conventions. It should start with a lower case letter and only contain lower case letters, digits, underscores, and dashes.
WARNING: Package name "SCADA_Robot" does not follow the naming conventions. It should start with a lower case letter and only contain lower case letters, digits, underscores, and dashes.
WARNING: Package name "elaboratoR1" does not follow the naming conventions. It should start with a lower case letter and only contain lower case letters, digits, underscores, and dashes.
WARNING: Package name "elaboratoR1_B" does not follow the naming conventions. It should start with a lower case letter and only contain lower case letters, digits, underscores, and dashes.
WARNING: Package name "moveIt" does not follow the naming conventions. It should start with a lower case letter and only contain lower case letters, digits, underscores, and dashes.
WARNING: Package name "elaboratoR1" does not follow the naming conventions. It should start with a lower case letter and only contain lower case letters, digits, underscores, and dashes.
[ 76%] Built target elaboratoR1_generate_messages_eus
[35m[1mScanning dependencies of target elaboratoR1_generate_messages_nodejs[0m
[ 82%] [34m[1mGenerating Javascript code from elaboratoR1/Num.msg[0m
[ 88%] [34m[1mGenerating Javascript code from elaboratoR1/AddTwoInts.srv[0m
[ 88%] Built target elaboratoR1_generate_messages_nodejs
[35m[1mScanning dependencies of target elaboratoR1_generate_messages_lisp[0m
[ 94%] [34m[1mGenerating Lisp code from elaboratoR1/Num.msg[0m
[100%] [34m[1mGenerating Lisp code from elaboratoR1/AddTwoInts.srv[0m
[100%] Built target elaboratoR1_generate_messages_lisp
[35m[1mScanning dependencies of target elaboratoR1_generate_messages[0m
[100%] Built target elaboratoR1_generate_messages
