CMake Warning (dev) at /home/leo/elaborato1/devel/.private/elaboratoR1/share/elaboratoR1/cmake/elaboratoR1-msg-paths.cmake:4:
  Syntax Warning in cmake code at column 61

  Argument not separated from preceding token by whitespace.
[36mCall Stack (most recent call first):[0m
  /opt/ros/melodic/share/genmsg/cmake/genmsg-extras.cmake:273 (include)
  CMakeLists.txt:71 (generate_messages)
This warning is for project developers.  Use -Wno-dev to suppress it.

CMake Warning (dev) at /home/leo/elaborato1/devel/.private/elaboratoR1/share/elaboratoR1/cmake/elaboratoR1-msg-paths.cmake:4:
  Syntax Warning in cmake code at column 85

  Argument not separated from preceding token by whitespace.
[36mCall Stack (most recent call first):[0m
  /opt/ros/melodic/share/genmsg/cmake/genmsg-extras.cmake:273 (include)
  CMakeLists.txt:71 (generate_messages)
This warning is for project developers.  Use -Wno-dev to suppress it.

CMake Warning (dev) at /home/leo/elaborato1/devel/.private/elaboratoR1/share/elaboratoR1/cmake/elaboratoR1-msg-paths.cmake:4:
  Syntax Warning in cmake code at column 130

  Argument not separated from preceding token by whitespace.
[36mCall Stack (most recent call first):[0m
  /opt/ros/melodic/share/genmsg/cmake/genmsg-extras.cmake:273 (include)
  CMakeLists.txt:71 (generate_messages)
This warning is for project developers.  Use -Wno-dev to suppress it.

CMake Warning (dev) at /home/leo/elaborato1/devel/.private/elaboratoR1/share/elaboratoR1/cmake/elaboratoR1-msg-paths.cmake:4:
  Syntax Warning in cmake code at column 994

  Argument not separated from preceding token by whitespace.
[36mCall Stack (most recent call first):[0m
  /opt/ros/melodic/share/genmsg/cmake/genmsg-extras.cmake:273 (include)
  CMakeLists.txt:71 (generate_messages)
This warning is for project developers.  Use -Wno-dev to suppress it.

CMake Warning (dev) at /home/leo/elaborato1/devel/.private/elaboratoR1/share/elaboratoR1/cmake/elaboratoR1-msg-paths.cmake:4:
  Syntax Warning in cmake code at column 1057

  Argument not separated from preceding token by whitespace.
[36mCall Stack (most recent call first):[0m
  /opt/ros/melodic/share/genmsg/cmake/genmsg-extras.cmake:273 (include)
  CMakeLists.txt:71 (generate_messages)
This warning is for project developers.  Use -Wno-dev to suppress it.

CMake Warning (dev) at /home/leo/elaborato1/devel/.private/elaboratoR1/share/elaboratoR1/cmake/elaboratoR1-msg-paths.cmake:4:
  Syntax Warning in cmake code at column 1098

  Argument not separated from preceding token by whitespace.
[36mCall Stack (most recent call first):[0m
  /opt/ros/melodic/share/genmsg/cmake/genmsg-extras.cmake:273 (include)
  CMakeLists.txt:71 (generate_messages)
This warning is for project developers.  Use -Wno-dev to suppress it.

CMake Warning (dev) at /home/leo/elaborato1/devel/.private/elaboratoR1/share/elaboratoR1/cmake/elaboratoR1-msg-paths.cmake:4:
  Syntax Warning in cmake code at column 1960

  Argument not separated from preceding token by whitespace.
[36mCall Stack (most recent call first):[0m
  /opt/ros/melodic/share/genmsg/cmake/genmsg-extras.cmake:273 (include)
  CMakeLists.txt:71 (generate_messages)
This warning is for project developers.  Use -Wno-dev to suppress it.

[31m[1mCMake Error[0m at /opt/ros/melodic/share/genmsg/cmake/genmsg-extras.cmake:263 (message):
  Messages depends on unknown pkg: catkin_package (Missing
  'find_package(catkin_package)'?)
[36mCall Stack (most recent call first):[0m
  CMakeLists.txt:71 (generate_messages)


make: *** [cmake_check_build_system] Error 1
