Determining if the pthread_create exist failed with the following output:
Change Dir: /home/leo/elaborato1/build/moveIt/CMakeFiles/CMakeTmp

Run Build Command:"/usr/bin/make" "cmTC_35619/fast"
/usr/bin/make -f CMakeFiles/cmTC_35619.dir/build.make CMakeFiles/cmTC_35619.dir/build
make[1]: ingresso nella directory "/home/leo/elaborato1/build/moveIt/CMakeFiles/CMakeTmp"
Building C object CMakeFiles/cmTC_35619.dir/CheckSymbolExists.c.o
/usr/bin/cc    -o CMakeFiles/cmTC_35619.dir/CheckSymbolExists.c.o   -c /home/leo/elaborato1/build/moveIt/CMakeFiles/CMakeTmp/CheckSymbolExists.c
Linking C executable cmTC_35619
/usr/bin/cmake -E cmake_link_script CMakeFiles/cmTC_35619.dir/link.txt --verbose=1
/usr/bin/cc      -rdynamic CMakeFiles/cmTC_35619.dir/CheckSymbolExists.c.o  -o cmTC_35619 
CMakeFiles/cmTC_35619.dir/CheckSymbolExists.c.o: nella funzione "main":
CheckSymbolExists.c:(.text+0x1b): riferimento non definito a "pthread_create"
collect2: error: ld returned 1 exit status
CMakeFiles/cmTC_35619.dir/build.make:97: recipe for target 'cmTC_35619' failed
make[1]: *** [cmTC_35619] Error 1
make[1]: uscita dalla directory "/home/leo/elaborato1/build/moveIt/CMakeFiles/CMakeTmp"
Makefile:126: recipe for target 'cmTC_35619/fast' failed
make: *** [cmTC_35619/fast] Error 2

File /home/leo/elaborato1/build/moveIt/CMakeFiles/CMakeTmp/CheckSymbolExists.c:
/* */
#include <pthread.h>

int main(int argc, char** argv)
{
  (void)argv;
#ifndef pthread_create
  return ((int*)(&pthread_create))[argc];
#else
  (void)argc;
  return 0;
#endif
}

Determining if the function pthread_create exists in the pthreads failed with the following output:
Change Dir: /home/leo/elaborato1/build/moveIt/CMakeFiles/CMakeTmp

Run Build Command:"/usr/bin/make" "cmTC_31458/fast"
/usr/bin/make -f CMakeFiles/cmTC_31458.dir/build.make CMakeFiles/cmTC_31458.dir/build
make[1]: ingresso nella directory "/home/leo/elaborato1/build/moveIt/CMakeFiles/CMakeTmp"
Building C object CMakeFiles/cmTC_31458.dir/CheckFunctionExists.c.o
/usr/bin/cc   -DCHECK_FUNCTION_EXISTS=pthread_create   -o CMakeFiles/cmTC_31458.dir/CheckFunctionExists.c.o   -c /usr/share/cmake-3.10/Modules/CheckFunctionExists.c
Linking C executable cmTC_31458
/usr/bin/cmake -E cmake_link_script CMakeFiles/cmTC_31458.dir/link.txt --verbose=1
/usr/bin/cc  -DCHECK_FUNCTION_EXISTS=pthread_create    -rdynamic CMakeFiles/cmTC_31458.dir/CheckFunctionExists.c.o  -o cmTC_31458 -lpthreads 
/usr/bin/ld: impossibile trovare -lpthreads
collect2: error: ld returned 1 exit status
CMakeFiles/cmTC_31458.dir/build.make:97: recipe for target 'cmTC_31458' failed
make[1]: *** [cmTC_31458] Error 1
make[1]: uscita dalla directory "/home/leo/elaborato1/build/moveIt/CMakeFiles/CMakeTmp"
Makefile:126: recipe for target 'cmTC_31458/fast' failed
make: *** [cmTC_31458/fast] Error 2


