Determining if the pthread_create exist failed with the following output:
Change Dir: /home/leo/elaborato1/build/elaboratoR1/CMakeFiles/CMakeTmp

Run Build Command:"/usr/bin/make" "cmTC_5cb4b/fast"
/usr/bin/make -f CMakeFiles/cmTC_5cb4b.dir/build.make CMakeFiles/cmTC_5cb4b.dir/build
make[1]: ingresso nella directory "/home/leo/elaborato1/build/elaboratoR1/CMakeFiles/CMakeTmp"
Building C object CMakeFiles/cmTC_5cb4b.dir/CheckSymbolExists.c.o
/usr/bin/cc    -o CMakeFiles/cmTC_5cb4b.dir/CheckSymbolExists.c.o   -c /home/leo/elaborato1/build/elaboratoR1/CMakeFiles/CMakeTmp/CheckSymbolExists.c
Linking C executable cmTC_5cb4b
/usr/bin/cmake -E cmake_link_script CMakeFiles/cmTC_5cb4b.dir/link.txt --verbose=1
/usr/bin/cc      -rdynamic CMakeFiles/cmTC_5cb4b.dir/CheckSymbolExists.c.o  -o cmTC_5cb4b 
CMakeFiles/cmTC_5cb4b.dir/CheckSymbolExists.c.o: nella funzione "main":
CheckSymbolExists.c:(.text+0x1b): riferimento non definito a "pthread_create"
collect2: error: ld returned 1 exit status
CMakeFiles/cmTC_5cb4b.dir/build.make:97: recipe for target 'cmTC_5cb4b' failed
make[1]: *** [cmTC_5cb4b] Error 1
make[1]: uscita dalla directory "/home/leo/elaborato1/build/elaboratoR1/CMakeFiles/CMakeTmp"
Makefile:126: recipe for target 'cmTC_5cb4b/fast' failed
make: *** [cmTC_5cb4b/fast] Error 2

File /home/leo/elaborato1/build/elaboratoR1/CMakeFiles/CMakeTmp/CheckSymbolExists.c:
/* */
#include <pthread.h>

int main(int argc, char** argv)
{
  (void)argv;
#ifndef pthread_create
  return ((int*)(&pthread_create))[argc];
#else
  (void)argc;
  return 0;
#endif
}

Determining if the function pthread_create exists in the pthreads failed with the following output:
Change Dir: /home/leo/elaborato1/build/elaboratoR1/CMakeFiles/CMakeTmp

Run Build Command:"/usr/bin/make" "cmTC_67411/fast"
/usr/bin/make -f CMakeFiles/cmTC_67411.dir/build.make CMakeFiles/cmTC_67411.dir/build
make[1]: ingresso nella directory "/home/leo/elaborato1/build/elaboratoR1/CMakeFiles/CMakeTmp"
Building C object CMakeFiles/cmTC_67411.dir/CheckFunctionExists.c.o
/usr/bin/cc   -DCHECK_FUNCTION_EXISTS=pthread_create   -o CMakeFiles/cmTC_67411.dir/CheckFunctionExists.c.o   -c /usr/share/cmake-3.10/Modules/CheckFunctionExists.c
Linking C executable cmTC_67411
/usr/bin/cmake -E cmake_link_script CMakeFiles/cmTC_67411.dir/link.txt --verbose=1
/usr/bin/cc  -DCHECK_FUNCTION_EXISTS=pthread_create    -rdynamic CMakeFiles/cmTC_67411.dir/CheckFunctionExists.c.o  -o cmTC_67411 -lpthreads 
/usr/bin/ld: impossibile trovare -lpthreads
collect2: error: ld returned 1 exit status
CMakeFiles/cmTC_67411.dir/build.make:97: recipe for target 'cmTC_67411' failed
make[1]: *** [cmTC_67411] Error 1
make[1]: uscita dalla directory "/home/leo/elaborato1/build/elaboratoR1/CMakeFiles/CMakeTmp"
Makefile:126: recipe for target 'cmTC_67411/fast' failed
make: *** [cmTC_67411/fast] Error 2


