Symlinking /home/leo/elaborato1/devel/lib/elaboratoR1_B/instanode
Linked: (/home/leo/elaborato1/devel/.private/elaboratoR1_B/lib/elaboratoR1_B/intranode, /home/leo/elaborato1/devel/lib/elaboratoR1_B/intranode)
Linked: (/home/leo/elaborato1/devel/.private/elaboratoR1_B/lib/pkgconfig/elaboratoR1_B.pc, /home/leo/elaborato1/devel/lib/pkgconfig/elaboratoR1_B.pc)
Linked: (/home/leo/elaborato1/devel/.private/elaboratoR1_B/lib/python2.7/dist-packages/elaboratoR1_B/__init__.py, /home/leo/elaborato1/devel/lib/python2.7/dist-packages/elaboratoR1_B/__init__.py)
Symlinking /home/leo/elaborato1/devel/lib/python2.7/dist-packages/elaboratoR1_B/srv/_Service.py
Symlinking /home/leo/elaborato1/devel/lib/python2.7/dist-packages/elaboratoR1_B/srv/__init__.py
Linked: (/home/leo/elaborato1/devel/.private/elaboratoR1_B/lib/python2.7/dist-packages/elaboratoR1_B/msg/__init__.py, /home/leo/elaborato1/devel/lib/python2.7/dist-packages/elaboratoR1_B/msg/__init__.py)
Symlinking /home/leo/elaborato1/devel/lib/python2.7/dist-packages/elaboratoR1_B/msg/_Message.py
Linked: (/home/leo/elaborato1/devel/.private/elaboratoR1_B/lib/python2.7/dist-packages/elaboratoR1_B/msg/_Message1.py, /home/leo/elaborato1/devel/lib/python2.7/dist-packages/elaboratoR1_B/msg/_Message1.py)
Symlinking /home/leo/elaborato1/devel/share/common-lisp/ros/elaboratoR1_B/srv/_package_Service.lisp
Symlinking /home/leo/elaborato1/devel/share/common-lisp/ros/elaboratoR1_B/srv/elaboratoR1_B-srv.asd
Symlinking /home/leo/elaborato1/devel/share/common-lisp/ros/elaboratoR1_B/srv/_package.lisp
Symlinking /home/leo/elaborato1/devel/share/common-lisp/ros/elaboratoR1_B/srv/Service.lisp
Linked: (/home/leo/elaborato1/devel/.private/elaboratoR1_B/share/common-lisp/ros/elaboratoR1_B/msg/elaboratoR1_B-msg.asd, /home/leo/elaborato1/devel/share/common-lisp/ros/elaboratoR1_B/msg/elaboratoR1_B-msg.asd)
Linked: (/home/leo/elaborato1/devel/.private/elaboratoR1_B/share/common-lisp/ros/elaboratoR1_B/msg/_package_Message1.lisp, /home/leo/elaborato1/devel/share/common-lisp/ros/elaboratoR1_B/msg/_package_Message1.lisp)
Symlinking /home/leo/elaborato1/devel/share/common-lisp/ros/elaboratoR1_B/msg/Message.lisp
Linked: (/home/leo/elaborato1/devel/.private/elaboratoR1_B/share/common-lisp/ros/elaboratoR1_B/msg/_package.lisp, /home/leo/elaborato1/devel/share/common-lisp/ros/elaboratoR1_B/msg/_package.lisp)
Symlinking /home/leo/elaborato1/devel/share/common-lisp/ros/elaboratoR1_B/msg/_package_Message.lisp
Linked: (/home/leo/elaborato1/devel/.private/elaboratoR1_B/share/common-lisp/ros/elaboratoR1_B/msg/Message1.lisp, /home/leo/elaborato1/devel/share/common-lisp/ros/elaboratoR1_B/msg/Message1.lisp)
Linked: (/home/leo/elaborato1/devel/.private/elaboratoR1_B/share/elaboratoR1_B/cmake/elaboratoR1_BConfig.cmake, /home/leo/elaborato1/devel/share/elaboratoR1_B/cmake/elaboratoR1_BConfig.cmake)
Linked: (/home/leo/elaborato1/devel/.private/elaboratoR1_B/share/elaboratoR1_B/cmake/elaboratoR1_BConfig-version.cmake, /home/leo/elaborato1/devel/share/elaboratoR1_B/cmake/elaboratoR1_BConfig-version.cmake)
Linked: (/home/leo/elaborato1/devel/.private/elaboratoR1_B/share/elaboratoR1_B/cmake/elaboratoR1_B-msg-paths.cmake, /home/leo/elaborato1/devel/share/elaboratoR1_B/cmake/elaboratoR1_B-msg-paths.cmake)
Linked: (/home/leo/elaborato1/devel/.private/elaboratoR1_B/share/elaboratoR1_B/cmake/elaboratoR1_B-msg-extras.cmake, /home/leo/elaborato1/devel/share/elaboratoR1_B/cmake/elaboratoR1_B-msg-extras.cmake)
Linked: (/home/leo/elaborato1/devel/.private/elaboratoR1_B/share/gennodejs/ros/elaboratoR1_B/_index.js, /home/leo/elaborato1/devel/share/gennodejs/ros/elaboratoR1_B/_index.js)
Symlinking /home/leo/elaborato1/devel/share/gennodejs/ros/elaboratoR1_B/srv/_index.js
Symlinking /home/leo/elaborato1/devel/share/gennodejs/ros/elaboratoR1_B/srv/Service.js
Linked: (/home/leo/elaborato1/devel/.private/elaboratoR1_B/share/gennodejs/ros/elaboratoR1_B/msg/Message1.js, /home/leo/elaborato1/devel/share/gennodejs/ros/elaboratoR1_B/msg/Message1.js)
Linked: (/home/leo/elaborato1/devel/.private/elaboratoR1_B/share/gennodejs/ros/elaboratoR1_B/msg/_index.js, /home/leo/elaborato1/devel/share/gennodejs/ros/elaboratoR1_B/msg/_index.js)
Symlinking /home/leo/elaborato1/devel/share/gennodejs/ros/elaboratoR1_B/msg/Message.js
Linked: (/home/leo/elaborato1/devel/.private/elaboratoR1_B/share/roseus/ros/elaboratoR1_B/manifest.l, /home/leo/elaborato1/devel/share/roseus/ros/elaboratoR1_B/manifest.l)
Symlinking /home/leo/elaborato1/devel/share/roseus/ros/elaboratoR1_B/srv/Service.l
Linked: (/home/leo/elaborato1/devel/.private/elaboratoR1_B/share/roseus/ros/elaboratoR1_B/msg/Message1.l, /home/leo/elaborato1/devel/share/roseus/ros/elaboratoR1_B/msg/Message1.l)
Symlinking /home/leo/elaborato1/devel/share/roseus/ros/elaboratoR1_B/msg/Message.l
Symlinking /home/leo/elaborato1/devel/include/elaboratoR1_B/ServiceRequest.h
Symlinking /home/leo/elaborato1/devel/include/elaboratoR1_B/Service.h
Symlinking /home/leo/elaborato1/devel/include/elaboratoR1_B/ServiceResponse.h
Symlinking /home/leo/elaborato1/devel/include/elaboratoR1_B/Message.h
Linked: (/home/leo/elaborato1/devel/.private/elaboratoR1_B/include/elaboratoR1_B/Message1.h, /home/leo/elaborato1/devel/include/elaboratoR1_B/Message1.h)
