[01m[K/home/leo/elaborato1/src/elaboratoR1_B/instanode.cpp:[m[K In function ‘[01m[Kint main(int, char**)[m[K’:
[01m[K/home/leo/elaborato1/src/elaboratoR1_B/instanode.cpp:12:27:[m[K [01;31m[Kerror: [m[K‘[01m[Knh[m[K’ was not declared in this scope
     ros::Subscriber sub = [01;31m[Knh[m[K.subscribe("turtle1/cmd_vel",1000,&filterVelocityCallback);
                           [01;31m[K^~[m[K
[01m[K/home/leo/elaborato1/src/elaboratoR1_B/instanode.cpp:12:27:[m[K [01;36m[Knote: [m[Ksuggested alternative: ‘[01m[Kn[m[K’
     ros::Subscriber sub = [01;36m[Knh[m[K.subscribe("turtle1/cmd_vel",1000,&filterVelocityCallback);
                           [01;36m[K^~[m[K
                           [32m[Kn[m[K
[01m[K/home/leo/elaborato1/src/elaboratoR1_B/instanode.cpp:12:64:[m[K [01;31m[Kerror: [m[K‘[01m[KfilterVelocityCallback[m[K’ was not declared in this scope
     ros::Subscriber sub = nh.subscribe("turtle1/cmd_vel",1000,&[01;31m[KfilterVelocityCallback[m[K);
                                                                [01;31m[K^~~~~~~~~~~~~~~~~~~~~~[m[K
[01m[K/home/leo/elaborato1/src/elaboratoR1_B/instanode.cpp:13:59:[m[K [01;31m[Kerror: [m[Kexpected primary-expression before ‘[01m[K>[m[K’ token
     ros::Publisher pub = nh.advertise<geometry_msgs::Twist[01;31m[K>[m[K("turtle1/pose", 1000);
                                                           [01;31m[K^[m[K
[01m[K/home/leo/elaborato1/src/elaboratoR1_B/instanode.cpp:23:13:[m[K [01;31m[Kerror: [m[K‘[01m[Kgeometry_msgs::Twist {aka struct geometry_msgs::Twist_<std::allocator<void> >}[m[K’ has no member named ‘[01m[Kdata[m[K’
         msg.[01;31m[Kdata[m[K = ss.str();
             [01;31m[K^~~~[m[K
[01m[K/home/leo/elaborato1/src/elaboratoR1_B/instanode.cpp:24:13:[m[K [01;31m[Kerror: [m[K‘[01m[Kgeometry_msgs::Twist {aka struct geometry_msgs::Twist_<std::allocator<void> >}[m[K’ has no member named ‘[01m[Kdata[m[K’
         msg.[01;31m[Kdata[m[K = ss
             [01;31m[K^~~~[m[K
[01m[K/home/leo/elaborato1/src/elaboratoR1_B/instanode.cpp:26:13:[m[K [01;31m[Kerror: [m[K‘[01m[Kclass ros::Subscriber[m[K’ has no member named ‘[01m[Kpublish[m[K’
         sub.[01;31m[Kpublish[m[K(msg);
             [01;31m[K^~~~~~~[m[K
make[2]: *** [CMakeFiles/instanode.dir/instanode.cpp.o] Error 1
make[1]: *** [CMakeFiles/instanode.dir/all] Error 2
make: *** [all] Error 2
