[35m[1mScanning dependencies of target std_msgs_generate_messages_nodejs[0m
[  0%] Built target std_msgs_generate_messages_nodejs
[35m[1mScanning dependencies of target _elaboratoR1_B_generate_messages_check_deps_Message[0m
[  0%] Built target _elaboratoR1_B_generate_messages_check_deps_Message
[35m[1mScanning dependencies of target _elaboratoR1_B_generate_messages_check_deps_Service[0m
[  0%] Built target _elaboratoR1_B_generate_messages_check_deps_Service
[35m[1mScanning dependencies of target std_msgs_generate_messages_cpp[0m
[  0%] Built target std_msgs_generate_messages_cpp
[35m[1mScanning dependencies of target std_msgs_generate_messages_eus[0m
[  0%] Built target std_msgs_generate_messages_eus
[35m[1mScanning dependencies of target std_msgs_generate_messages_py[0m
[  0%] Built target std_msgs_generate_messages_py
[35m[1mScanning dependencies of target std_msgs_generate_messages_lisp[0m
[  0%] Built target std_msgs_generate_messages_lisp
[35m[1mScanning dependencies of target instanode[0m
[  6%] [32mBuilding CXX object CMakeFiles/instanode.dir/instanode.cpp.o[0m
[ 13%] [32m[1mLinking CXX executable /home/leo/elaborato1/devel/.private/elaboratoR1_B/lib/elaboratoR1_B/instanode[0m
[ 13%] Built target instanode
[35m[1mScanning dependencies of target elaboratoR1_B_generate_messages_nodejs[0m
[ 20%] [34m[1mGenerating Javascript code from elaboratoR1_B/Message.msg[0m
[ 26%] [34m[1mGenerating Javascript code from elaboratoR1_B/Service.srv[0m
[ 26%] Built target elaboratoR1_B_generate_messages_nodejs
[35m[1mScanning dependencies of target elaboratoR1_B_generate_messages_cpp[0m
[ 33%] [34m[1mGenerating C++ code from elaboratoR1_B/Message.msg[0m
[ 40%] [34m[1mGenerating C++ code from elaboratoR1_B/Service.srv[0m
[ 40%] Built target elaboratoR1_B_generate_messages_cpp
[35m[1mScanning dependencies of target elaboratoR1_B_generate_messages_eus[0m
[ 46%] [34m[1mGenerating EusLisp code from elaboratoR1_B/Message.msg[0m
[ 53%] [34m[1mGenerating EusLisp code from elaboratoR1_B/Service.srv[0m
[ 60%] [34m[1mGenerating EusLisp manifest code for elaboratoR1_B[0m
WARNING: Package name "elaboratoR1_B" does not follow the naming conventions. It should start with a lower case letter and only contain lower case letters, digits, underscores, and dashes.
WARNING: Package name "SCADA_Robot" does not follow the naming conventions. It should start with a lower case letter and only contain lower case letters, digits, underscores, and dashes.
WARNING: Package name "elaboratoR1" does not follow the naming conventions. It should start with a lower case letter and only contain lower case letters, digits, underscores, and dashes.
WARNING: Package name "elaboratoR1_B" does not follow the naming conventions. It should start with a lower case letter and only contain lower case letters, digits, underscores, and dashes.
WARNING: Package name "moveIt" does not follow the naming conventions. It should start with a lower case letter and only contain lower case letters, digits, underscores, and dashes.
WARNING: Package name "elaboratoR1_B" does not follow the naming conventions. It should start with a lower case letter and only contain lower case letters, digits, underscores, and dashes.
WARNING: Package name "SCADA_Robot" does not follow the naming conventions. It should start with a lower case letter and only contain lower case letters, digits, underscores, and dashes.
WARNING: Package name "elaboratoR1" does not follow the naming conventions. It should start with a lower case letter and only contain lower case letters, digits, underscores, and dashes.
WARNING: Package name "elaboratoR1_B" does not follow the naming conventions. It should start with a lower case letter and only contain lower case letters, digits, underscores, and dashes.
WARNING: Package name "moveIt" does not follow the naming conventions. It should start with a lower case letter and only contain lower case letters, digits, underscores, and dashes.
WARNING: Package name "elaboratoR1_B" does not follow the naming conventions. It should start with a lower case letter and only contain lower case letters, digits, underscores, and dashes.
[ 60%] Built target elaboratoR1_B_generate_messages_eus
[35m[1mScanning dependencies of target elaboratoR1_B_generate_messages_py[0m
[ 66%] [34m[1mGenerating Python from MSG elaboratoR1_B/Message[0m
[ 73%] [34m[1mGenerating Python code from SRV elaboratoR1_B/Service[0m
[ 80%] [34m[1mGenerating Python msg __init__.py for elaboratoR1_B[0m
[ 86%] [34m[1mGenerating Python srv __init__.py for elaboratoR1_B[0m
[ 86%] Built target elaboratoR1_B_generate_messages_py
[35m[1mScanning dependencies of target elaboratoR1_B_generate_messages_lisp[0m
[ 93%] [34m[1mGenerating Lisp code from elaboratoR1_B/Message.msg[0m
[100%] [34m[1mGenerating Lisp code from elaboratoR1_B/Service.srv[0m
[100%] Built target elaboratoR1_B_generate_messages_lisp
[35m[1mScanning dependencies of target elaboratoR1_B_generate_messages[0m
[100%] Built target elaboratoR1_B_generate_messages
