Symlinking /home/leo/elaborato1/devel/lib/elaboratoR1_B/instanode
Symlinking /home/leo/elaborato1/devel/lib/pkgconfig/elaboratoR1_B.pc
Symlinking /home/leo/elaborato1/devel/lib/python2.7/dist-packages/elaboratoR1_B/__init__.py
Symlinking /home/leo/elaborato1/devel/lib/python2.7/dist-packages/elaboratoR1_B/srv/_Service.py
Symlinking /home/leo/elaborato1/devel/lib/python2.7/dist-packages/elaboratoR1_B/srv/__init__.py
Symlinking /home/leo/elaborato1/devel/lib/python2.7/dist-packages/elaboratoR1_B/msg/__init__.py
Symlinking /home/leo/elaborato1/devel/lib/python2.7/dist-packages/elaboratoR1_B/msg/_Message.py
Symlinking /home/leo/elaborato1/devel/share/common-lisp/ros/elaboratoR1_B/srv/_package_Service.lisp
Symlinking /home/leo/elaborato1/devel/share/common-lisp/ros/elaboratoR1_B/srv/elaboratoR1_B-srv.asd
Symlinking /home/leo/elaborato1/devel/share/common-lisp/ros/elaboratoR1_B/srv/_package.lisp
Symlinking /home/leo/elaborato1/devel/share/common-lisp/ros/elaboratoR1_B/srv/Service.lisp
Symlinking /home/leo/elaborato1/devel/share/common-lisp/ros/elaboratoR1_B/msg/elaboratoR1_B-msg.asd
Symlinking /home/leo/elaborato1/devel/share/common-lisp/ros/elaboratoR1_B/msg/Message.lisp
Symlinking /home/leo/elaborato1/devel/share/common-lisp/ros/elaboratoR1_B/msg/_package.lisp
Symlinking /home/leo/elaborato1/devel/share/common-lisp/ros/elaboratoR1_B/msg/_package_Message.lisp
Symlinking /home/leo/elaborato1/devel/share/elaboratoR1_B/cmake/elaboratoR1_BConfig.cmake
Symlinking /home/leo/elaborato1/devel/share/elaboratoR1_B/cmake/elaboratoR1_BConfig-version.cmake
Symlinking /home/leo/elaborato1/devel/share/elaboratoR1_B/cmake/elaboratoR1_B-msg-paths.cmake
Symlinking /home/leo/elaborato1/devel/share/elaboratoR1_B/cmake/elaboratoR1_B-msg-extras.cmake
Symlinking /home/leo/elaborato1/devel/share/gennodejs/ros/elaboratoR1_B/_index.js
Symlinking /home/leo/elaborato1/devel/share/gennodejs/ros/elaboratoR1_B/srv/_index.js
Symlinking /home/leo/elaborato1/devel/share/gennodejs/ros/elaboratoR1_B/srv/Service.js
Symlinking /home/leo/elaborato1/devel/share/gennodejs/ros/elaboratoR1_B/msg/_index.js
Symlinking /home/leo/elaborato1/devel/share/gennodejs/ros/elaboratoR1_B/msg/Message.js
Symlinking /home/leo/elaborato1/devel/share/roseus/ros/elaboratoR1_B/manifest.l
Symlinking /home/leo/elaborato1/devel/share/roseus/ros/elaboratoR1_B/srv/Service.l
Symlinking /home/leo/elaborato1/devel/share/roseus/ros/elaboratoR1_B/msg/Message.l
Symlinking /home/leo/elaborato1/devel/include/elaboratoR1_B/ServiceRequest.h
Symlinking /home/leo/elaborato1/devel/include/elaboratoR1_B/Service.h
Symlinking /home/leo/elaborato1/devel/include/elaboratoR1_B/ServiceResponse.h
Symlinking /home/leo/elaborato1/devel/include/elaboratoR1_B/Message.h
